Determining if the pthread_create exist failed with the following output:
Change Dir: /home/cwj/foo_ws/src/practice/glog/build/CMakeFiles/CMakeTmp

Run Build Command:"/usr/bin/make" "cmTC_e6892/fast"
/usr/bin/make -f CMakeFiles/cmTC_e6892.dir/build.make CMakeFiles/cmTC_e6892.dir/build
make[1]: Entering directory '/home/cwj/foo_ws/src/practice/glog/build/CMakeFiles/CMakeTmp'
Building C object CMakeFiles/cmTC_e6892.dir/CheckSymbolExists.c.o
/usr/bin/cc    -o CMakeFiles/cmTC_e6892.dir/CheckSymbolExists.c.o   -c /home/cwj/foo_ws/src/practice/glog/build/CMakeFiles/CMakeTmp/CheckSymbolExists.c
Linking C executable cmTC_e6892
/usr/bin/cmake -E cmake_link_script CMakeFiles/cmTC_e6892.dir/link.txt --verbose=1
/usr/bin/cc      -rdynamic CMakeFiles/cmTC_e6892.dir/CheckSymbolExists.c.o  -o cmTC_e6892 
CMakeFiles/cmTC_e6892.dir/CheckSymbolExists.c.o: In function `main':
CheckSymbolExists.c:(.text+0x1b): undefined reference to `pthread_create'
collect2: error: ld returned 1 exit status
CMakeFiles/cmTC_e6892.dir/build.make:97: recipe for target 'cmTC_e6892' failed
make[1]: *** [cmTC_e6892] Error 1
make[1]: Leaving directory '/home/cwj/foo_ws/src/practice/glog/build/CMakeFiles/CMakeTmp'
Makefile:126: recipe for target 'cmTC_e6892/fast' failed
make: *** [cmTC_e6892/fast] Error 2

File /home/cwj/foo_ws/src/practice/glog/build/CMakeFiles/CMakeTmp/CheckSymbolExists.c:
/* */
#include <pthread.h>

int main(int argc, char** argv)
{
  (void)argv;
#ifndef pthread_create
  return ((int*)(&pthread_create))[argc];
#else
  (void)argc;
  return 0;
#endif
}

Determining if the function pthread_create exists in the pthreads failed with the following output:
Change Dir: /home/cwj/foo_ws/src/practice/glog/build/CMakeFiles/CMakeTmp

Run Build Command:"/usr/bin/make" "cmTC_ac8fa/fast"
/usr/bin/make -f CMakeFiles/cmTC_ac8fa.dir/build.make CMakeFiles/cmTC_ac8fa.dir/build
make[1]: Entering directory '/home/cwj/foo_ws/src/practice/glog/build/CMakeFiles/CMakeTmp'
Building C object CMakeFiles/cmTC_ac8fa.dir/CheckFunctionExists.c.o
/usr/bin/cc   -DCHECK_FUNCTION_EXISTS=pthread_create   -o CMakeFiles/cmTC_ac8fa.dir/CheckFunctionExists.c.o   -c /usr/share/cmake-3.10/Modules/CheckFunctionExists.c
Linking C executable cmTC_ac8fa
/usr/bin/cmake -E cmake_link_script CMakeFiles/cmTC_ac8fa.dir/link.txt --verbose=1
/usr/bin/cc  -DCHECK_FUNCTION_EXISTS=pthread_create    -rdynamic CMakeFiles/cmTC_ac8fa.dir/CheckFunctionExists.c.o  -o cmTC_ac8fa -lpthreads 
/usr/bin/ld: cannot find -lpthreads
collect2: error: ld returned 1 exit status
CMakeFiles/cmTC_ac8fa.dir/build.make:97: recipe for target 'cmTC_ac8fa' failed
make[1]: *** [cmTC_ac8fa] Error 1
make[1]: Leaving directory '/home/cwj/foo_ws/src/practice/glog/build/CMakeFiles/CMakeTmp'
Makefile:126: recipe for target 'cmTC_ac8fa/fast' failed
make: *** [cmTC_ac8fa/fast] Error 2


